--------------------------------------------------------------------------------
CPU name:	Intel(R) Core(TM) i5-3317U CPU @ 1.70GHz
CPU type:	Intel Core IvyBridge processor
CPU clock:	1.70 GHz
--------------------------------------------------------------------------------
[4.60447424087895925e+04, 4.60448076482348698e+04]  [-4.87162919478108094e+01, -4.87162696126457106e+01]  [1.28889165374164970e-02, 1.28889223052770959e-02]  
[-5.78403721829236161e+00, -5.65677354548970257e+00]  [2.72255298517556988e+00, 2.85060926739679666e+00]  [4.49509374163462284e+00, 4.62359197741025341e+00]  [7.30682187136844519e+00, 7.43620747501845969e+00]  [-2.79258784309495666e+00, -2.66231025731102732e+00]  [-6.30896939191880790e+00, -6.17824408470332286e+00]  [-4.80313540179923847e+00, -4.67196121958548360e+00]  [-1.27508587272897955e+00, -1.14346166194299314e+00]  [2.67517919529198878e+00, 2.80725458821690666e+00]  [2.75312971759117886e+00, 2.88570274324158050e+00]  [2.93811625096680019e-01, 4.26611308883025231e-01]  
0.028077
0.001954
--------------------------------------------------------------------------------
Region gera-sistema-linear, Group 1: FLOPS_DP
|     DP [MFLOP/s]     |     552.8466 |
|   AVX DP [MFLOP/s]   |            0 |
Region soluciona-sistema-linear, Group 1: FLOPS_DP
|     DP [MFLOP/s]     |      89.6222 |
|   AVX DP [MFLOP/s]   |            0 |
--------------------------------------------------------------------------------
Region gera-sistema-linear, Group 1: ENERGY
|      Energy [J]      |            0 |
Region soluciona-sistema-linear, Group 1: ENERGY
|      Energy [J]      |       0.0096 |
--------------------------------------------------------------------------------
